<?xml version="1.0" encoding="UTF-8"?>
<!-- Generated by org.testng.reporters.JUnitXMLReporter -->
<testsuite ignored="0" hostname="DESKTOP-U8F94J3" failures="0" tests="6" name="Default test" time="45.95" errors="0" timestamp="2022-08-17T11:18:11 IST">
  <testcase classname="com.fb.qa.testcases.LoginPageTest" name="loginTest" time="2.271"/>
  <testcase classname="com.fb.qa.testcases.LoginPageTest" name="loginTest" time="2.34"/>
  <testcase classname="com.fb.qa.testcases.LoginPageTest" name="loginTest" time="2.319"/>
  <testcase classname="com.fb.qa.testcases.LoginPageTest" name="LoginPageTitle" time="0.013"/>
  <testcase classname="com.fb.qa.testcases.LoginPageTest" name="fbLogoImageTest" time="0.047"/>
  <testcase classname="com.fb.qa.testcases.LoginPageTest" name="loginTest" time="0.254"/>
</testsuite> <!-- Default test -->
