<?xml version="1.0" encoding="UTF-8"?>
<testng-results ignored="0" total="6" passed="6" failed="0" skipped="0">
  <reporter-output>
  </reporter-output>
  <suite started-at="2022-08-17T11:17:25 IST" name="Default suite" finished-at="2022-08-17T11:18:11 IST" duration-ms="45950">
    <groups>
    </groups>
    <test started-at="2022-08-17T11:17:25 IST" name="Default test" finished-at="2022-08-17T11:18:11 IST" duration-ms="45950">
      <class name="com.fb.qa.testcases.LoginPageTest">
        <test-method is-config="true" signature="setUp()[pri:0, instance:com.fb.qa.testcases.LoginPageTest@536f2a7e]" started-at="2022-08-17T11:17:26 IST" name="setUp" finished-at="2022-08-17T11:17:31 IST" duration-ms="4507" status="PASS">
          <reporter-output>
          </reporter-output>
        </test-method> <!-- setUp -->
        <test-method signature="loginTest(java.lang.String,java.lang.String)[pri:0, instance:com.fb.qa.testcases.LoginPageTest@536f2a7e]" started-at="2022-08-17T11:17:31 IST" name="loginTest" data-provider="getTestData" finished-at="2022-08-17T11:17:33 IST" duration-ms="2271" status="PASS">
          <params>
            <param index="0">
              <value>
                <![CDATA[arjunjaiswal8065@gmail.com]]>
              </value>
            </param>
            <param index="1">
              <value>
                <![CDATA[Aarati@12]]>
              </value>
            </param>
          </params>
          <reporter-output>
          </reporter-output>
        </test-method> <!-- loginTest -->
        <test-method is-config="true" signature="tearDown()[pri:0, instance:com.fb.qa.testcases.LoginPageTest@536f2a7e]" started-at="2022-08-17T11:17:33 IST" name="tearDown" finished-at="2022-08-17T11:17:35 IST" duration-ms="2507" status="PASS">
          <reporter-output>
          </reporter-output>
        </test-method> <!-- tearDown -->
        <test-method is-config="true" signature="setUp()[pri:0, instance:com.fb.qa.testcases.LoginPageTest@536f2a7e]" started-at="2022-08-17T11:17:35 IST" name="setUp" finished-at="2022-08-17T11:17:38 IST" duration-ms="3127" status="PASS">
          <reporter-output>
          </reporter-output>
        </test-method> <!-- setUp -->
        <test-method signature="loginTest(java.lang.String,java.lang.String)[pri:0, instance:com.fb.qa.testcases.LoginPageTest@536f2a7e]" started-at="2022-08-17T11:17:38 IST" name="loginTest" data-provider="getTestData" finished-at="2022-08-17T11:17:41 IST" duration-ms="2340" status="PASS">
          <params>
            <param index="0">
              <value>
                <![CDATA[arjunjaiswal80@gmail.com]]>
              </value>
            </param>
            <param index="1">
              <value>
                <![CDATA[Aarati@12]]>
              </value>
            </param>
          </params>
          <reporter-output>
          </reporter-output>
        </test-method> <!-- loginTest -->
        <test-method is-config="true" signature="tearDown()[pri:0, instance:com.fb.qa.testcases.LoginPageTest@536f2a7e]" started-at="2022-08-17T11:17:41 IST" name="tearDown" finished-at="2022-08-17T11:17:43 IST" duration-ms="2463" status="PASS">
          <reporter-output>
          </reporter-output>
        </test-method> <!-- tearDown -->
        <test-method is-config="true" signature="setUp()[pri:0, instance:com.fb.qa.testcases.LoginPageTest@536f2a7e]" started-at="2022-08-17T11:17:43 IST" name="setUp" finished-at="2022-08-17T11:17:49 IST" duration-ms="5277" status="PASS">
          <reporter-output>
          </reporter-output>
        </test-method> <!-- setUp -->
        <test-method signature="loginTest(java.lang.String,java.lang.String)[pri:0, instance:com.fb.qa.testcases.LoginPageTest@536f2a7e]" started-at="2022-08-17T11:17:49 IST" name="loginTest" data-provider="getTestData" finished-at="2022-08-17T11:17:51 IST" duration-ms="2319" status="PASS">
          <params>
            <param index="0">
              <value>
                <![CDATA[aaratijaiswal8065@gmail.com]]>
              </value>
            </param>
            <param index="1">
              <value>
                <![CDATA[arjun@34]]>
              </value>
            </param>
          </params>
          <reporter-output>
          </reporter-output>
        </test-method> <!-- loginTest -->
        <test-method is-config="true" signature="tearDown()[pri:0, instance:com.fb.qa.testcases.LoginPageTest@536f2a7e]" started-at="2022-08-17T11:17:51 IST" name="tearDown" finished-at="2022-08-17T11:17:53 IST" duration-ms="2419" status="PASS">
          <reporter-output>
          </reporter-output>
        </test-method> <!-- tearDown -->
        <test-method is-config="true" signature="setUp()[pri:0, instance:com.fb.qa.testcases.LoginPageTest@536f2a7e]" started-at="2022-08-17T11:17:53 IST" name="setUp" finished-at="2022-08-17T11:17:57 IST" duration-ms="3373" status="PASS">
          <reporter-output>
          </reporter-output>
        </test-method> <!-- setUp -->
        <test-method signature="LoginPageTitle()[pri:1, instance:com.fb.qa.testcases.LoginPageTest@536f2a7e]" started-at="2022-08-17T11:17:57 IST" name="LoginPageTitle" finished-at="2022-08-17T11:17:57 IST" duration-ms="13" status="PASS">
          <reporter-output>
          </reporter-output>
        </test-method> <!-- LoginPageTitle -->
        <test-method is-config="true" signature="tearDown()[pri:0, instance:com.fb.qa.testcases.LoginPageTest@536f2a7e]" started-at="2022-08-17T11:17:57 IST" name="tearDown" finished-at="2022-08-17T11:17:59 IST" duration-ms="2368" status="PASS">
          <reporter-output>
          </reporter-output>
        </test-method> <!-- tearDown -->
        <test-method is-config="true" signature="setUp()[pri:0, instance:com.fb.qa.testcases.LoginPageTest@536f2a7e]" started-at="2022-08-17T11:17:59 IST" name="setUp" finished-at="2022-08-17T11:18:03 IST" duration-ms="3964" status="PASS">
          <reporter-output>
          </reporter-output>
        </test-method> <!-- setUp -->
        <test-method signature="fbLogoImageTest()[pri:2, instance:com.fb.qa.testcases.LoginPageTest@536f2a7e]" started-at="2022-08-17T11:18:03 IST" name="fbLogoImageTest" finished-at="2022-08-17T11:18:03 IST" duration-ms="47" status="PASS">
          <reporter-output>
          </reporter-output>
        </test-method> <!-- fbLogoImageTest -->
        <test-method is-config="true" signature="tearDown()[pri:0, instance:com.fb.qa.testcases.LoginPageTest@536f2a7e]" started-at="2022-08-17T11:18:03 IST" name="tearDown" finished-at="2022-08-17T11:18:05 IST" duration-ms="2403" status="PASS">
          <reporter-output>
          </reporter-output>
        </test-method> <!-- tearDown -->
        <test-method is-config="true" signature="setUp()[pri:0, instance:com.fb.qa.testcases.LoginPageTest@536f2a7e]" started-at="2022-08-17T11:18:05 IST" name="setUp" finished-at="2022-08-17T11:18:09 IST" duration-ms="3303" status="PASS">
          <reporter-output>
          </reporter-output>
        </test-method> <!-- setUp -->
        <test-method signature="loginTest()[pri:3, instance:com.fb.qa.testcases.LoginPageTest@536f2a7e]" started-at="2022-08-17T11:18:09 IST" name="loginTest" finished-at="2022-08-17T11:18:09 IST" duration-ms="254" status="PASS">
          <reporter-output>
          </reporter-output>
        </test-method> <!-- loginTest -->
        <test-method is-config="true" signature="tearDown()[pri:0, instance:com.fb.qa.testcases.LoginPageTest@536f2a7e]" started-at="2022-08-17T11:18:09 IST" name="tearDown" finished-at="2022-08-17T11:18:11 IST" duration-ms="2451" status="PASS">
          <reporter-output>
          </reporter-output>
        </test-method> <!-- tearDown -->
      </class> <!-- com.fb.qa.testcases.LoginPageTest -->
    </test> <!-- Default test -->
  </suite> <!-- Default suite -->
</testng-results>
